============================= test session starts ==============================
platform darwin -- Python 3.13.4, pytest-8.3.5, pluggy-1.5.0 -- /Users/jillesca/DevNet/cisco_live/25clus/gNMIBuddy/.venv/bin/python3
cachedir: .pytest_cache
rootdir: /Users/jillesca/DevNet/cisco_live/25clus/gNMIBuddy
configfile: pyproject.toml
plugins: anyio-4.9.0, mock-3.14.0
collecting ... collected 326 items

tests/cmd/commands/device/test_list_integration.py::TestDeviceListCLIIntegration::test_device_list_detail_output_redaction PASSED [  0%]
tests/cmd/commands/device/test_list_integration.py::TestDeviceListCLIIntegration::test_device_list_basic_output_unchanged PASSED [  0%]
tests/cmd/commands/device/test_list_integration.py::TestDeviceListCLIIntegration::test_device_list_class_based_data_handling PASSED [  0%]
tests/cmd/commands/device/test_list_integration.py::TestDeviceListCLIIntegration::test_device_list_no_sensitive_data_leakage_any_format PASSED [  1%]
tests/cmd/commands/device/test_list_integration.py::TestDeviceListCLIIntegration::test_device_list_empty_inventory_handling PASSED [  1%]
tests/cmd/commands/device/test_list_integration.py::TestDeviceListCLIIntegration::test_device_list_error_handling PASSED [  1%]
tests/cmd/commands/device/test_list_integration.py::TestDeviceListCLIIntegration::test_device_list_method_selection_logic PASSED [  2%]
tests/cmd/commands/device/test_list_integration.py::TestDeviceListCLIIntegration::test_device_list_output_format_consistency PASSED [  2%]
tests/cmd/commands/device/test_list_integration.py::TestDeviceListCLIIntegration::test_device_list_regression_compatibility PASSED [  2%]
tests/cmd/commands/device/test_list_integration.py::TestDeviceListCLIIntegration::test_device_list_multiple_devices_handling PASSED [  3%]
tests/cmd/test_advanced_features.py::TestOutputFormatters::test_json_formatter_basic PASSED [  3%]
tests/cmd/test_advanced_features.py::TestOutputFormatters::test_json_formatter_complex_data PASSED [  3%]
tests/cmd/test_advanced_features.py::TestOutputFormatters::test_json_formatter_error_handling PASSED [  3%]
tests/cmd/test_advanced_features.py::TestOutputFormatters::test_yaml_formatter_basic PASSED [  4%]
tests/cmd/test_advanced_features.py::TestOutputFormatters::test_yaml_formatter_complex_data PASSED [  4%]
tests/cmd/test_advanced_features.py::TestOutputFormatters::test_formatter_manager PASSED [  4%]
tests/cmd/test_advanced_features.py::TestOutputFormatters::test_formatter_manager_unknown_format PASSED [  5%]
tests/cmd/test_advanced_features.py::TestOutputFormatters::test_format_output_function PASSED [  5%]
tests/cmd/test_advanced_features.py::TestOutputFormatters::test_get_available_output_formats_function PASSED [  5%]
tests/cmd/test_advanced_features.py::TestVersionInformation::test_version_info_basic PASSED [  6%]
tests/cmd/test_advanced_features.py::TestVersionInformation::test_python_version_info PASSED [  6%]
tests/cmd/test_advanced_features.py::TestVersionInformation::test_platform_info PASSED [  6%]
tests/cmd/test_advanced_features.py::TestVersionInformation::test_dependency_versions PASSED [  7%]
tests/cmd/test_advanced_features.py::TestVersionInformation::test_build_info PASSED [  7%]
tests/cmd/test_advanced_features.py::TestVersionInformation::test_comprehensive_version_info PASSED [  7%]
tests/cmd/test_advanced_features.py::TestVersionInformation::test_format_version_output_simple PASSED [  7%]
tests/cmd/test_advanced_features.py::TestVersionInformation::test_format_version_output_detailed PASSED [  8%]
tests/cmd/test_advanced_features.py::TestVersionInformation::test_get_version_info_function PASSED [  8%]
tests/cmd/test_advanced_features.py::TestVersionInformation::test_get_version_dict_function PASSED [  8%]
tests/cmd/test_advanced_features.py::TestBatchOperations::test_network_operation_result PASSED [  9%]
tests/cmd/test_advanced_features.py::TestBatchOperations::test_batch_operation_summary PASSED [  9%]
tests/cmd/test_advanced_features.py::TestBatchOperations::test_batch_operation_result PASSED [  9%]
tests/cmd/test_advanced_features.py::TestBatchOperations::test_batch_operation_summary_empty PASSED [ 10%]
tests/cmd/test_advanced_features.py::TestBatchOperations::test_progress_indicator PASSED [ 10%]
tests/cmd/test_advanced_features.py::TestBatchOperations::test_device_list_parser_comma_separated PASSED [ 10%]
tests/cmd/test_advanced_features.py::TestBatchOperations::test_device_list_parser_file PASSED [ 11%]
tests/cmd/test_advanced_features.py::TestBatchOperations::test_device_list_parser_file_not_found PASSED [ 11%]
tests/cmd/test_advanced_features.py::TestBatchOperations::test_device_list_parser_inventory PASSED [ 11%]
tests/cmd/test_advanced_features.py::TestBatchOperations::test_batch_operation_executor_basic PASSED [ 11%]
tests/cmd/test_advanced_features.py::TestBatchOperations::test_batch_operation_executor_with_failures PASSED [ 12%]
tests/cmd/test_advanced_features.py::TestCLIIntegration::test_version_flag PASSED [ 12%]
tests/cmd/test_advanced_features.py::TestCLIIntegration::test_version_detailed_flag PASSED [ 12%]
tests/cmd/test_batch_validation.py::test_batch_validation_missing_inventory_no_batch_message PASSED [ 13%]
tests/cmd/test_batch_validation.py::test_batch_validation_mixed_valid_invalid_devices PASSED [ 13%]
tests/cmd/test_batch_validation.py::test_batch_validation_empty_device_list PASSED [ 13%]
tests/cmd/test_batch_validation.py::test_batch_validation_single_invalid_device PASSED [ 14%]
tests/cmd/test_batch_validation.py::test_batch_validation_fail_fast_behavior PASSED [ 14%]
tests/cmd/test_error_patterns.py::test_ops_validate_error_consistency_basic PASSED [ 14%]
tests/cmd/test_error_patterns.py::test_ops_validate_no_batch_message_critical PASSED [ 15%]
tests/cmd/test_error_patterns.py::test_error_message_actionable_guidance PASSED [ 15%]
tests/cmd/test_error_patterns.py::test_help_display_completeness PASSED  [ 15%]
tests/cmd/test_error_patterns.py::test_error_display_formatting PASSED   [ 15%]
tests/cmd/test_error_utils.py::test_display_error_with_help_function PASSED [ 16%]
tests/cmd/test_error_utils.py::test_display_error_with_help_no_suggestion PASSED [ 16%]
tests/cmd/test_error_utils.py::test_ops_validate_uses_error_utils PASSED [ 16%]
tests/cmd/test_error_utils.py::test_error_utils_format_consistency PASSED [ 17%]
tests/cmd/test_error_utils.py::test_error_utils_different_error_messages PASSED [ 17%]
tests/cmd/test_inventory_validate.py::TestInventoryValidateIntegration::test_validator_integration_with_valid_inventory PASSED [ 17%]
tests/cmd/test_inventory_validate.py::TestInventoryValidateIntegration::test_validator_integration_with_invalid_inventory PASSED [ 18%]
tests/cmd/test_inventory_validate.py::TestInventoryValidateIntegration::test_table_display_format_success PASSED [ 18%]
tests/cmd/test_inventory_validate.py::TestInventoryValidateIntegration::test_table_display_format_with_errors PASSED [ 18%]
tests/cmd/test_inventory_validate.py::TestInventoryValidateIntegration::test_validation_with_mixed_errors PASSED [ 19%]
tests/cmd/test_inventory_validate.py::TestInventoryValidateIntegration::test_json_serialization_compatibility PASSED [ 19%]
tests/cmd/test_inventory_validate.py::TestInventoryValidateIntegration::test_realistic_inventory_validation PASSED [ 19%]
tests/cmd/test_inventory_validate.py::TestInventoryValidateIntegration::test_path_resolution_integration PASSED [ 19%]
tests/cmd/test_inventory_validate.py::TestInventoryValidateIntegration::test_unicode_handling_in_validation PASSED [ 20%]
tests/cmd/test_inventory_validate.py::TestInventoryValidateIntegration::test_large_inventory_performance PASSED [ 20%]
tests/cmd/test_inventory_validate.py::TestInventoryValidateIntegration::test_comprehensive_error_scenarios PASSED [ 20%]
tests/cmd/test_inventory_validate.py::TestInventoryValidateErrorHandling::test_validation_error_messages_quality PASSED [ 21%]
tests/cmd/test_inventory_validate.py::TestInventoryValidateErrorHandling::test_validation_result_consistency PASSED [ 21%]
tests/cmd/test_inventory_validate.py::TestInventoryValidateErrorHandling::test_error_context_information PASSED [ 21%]
tests/cmd/test_ops_validate_errors.py::test_ops_validate_missing_inventory_with_log_file PASSED [ 22%]
tests/cmd/test_ops_validate_errors.py::test_ops_validate_missing_inventory_single_device PASSED [ 22%]
tests/cmd/test_ops_validate_errors.py::test_ops_validate_missing_inventory_all_devices PASSED [ 22%]
tests/cmd/test_ops_validate_errors.py::test_ops_validate_invalid_inventory_path PASSED [ 23%]
tests/cmd/test_ops_validate_errors.py::test_ops_validate_error_format_consistency PASSED [ 23%]
tests/cmd/test_ops_validate_errors.py::test_ops_validate_no_batch_execution_message PASSED [ 23%]
tests/cmd/test_phase_4_validation.py::test_phase_4_regression_prevention PASSED [ 23%]
tests/cmd/test_phase_5_integration.py::TestPhase5FinalIntegration::test_complete_workflow_error_scenario PASSED [ 24%]
tests/cmd/test_phase_5_integration.py::TestPhase5FinalIntegration::test_documentation_improvements_accessible PASSED [ 24%]
tests/cmd/test_phase_5_integration.py::TestPhase5RegressionPrevention::test_original_issue_completely_resolved PASSED [ 24%]
tests/collectors/deviceprofile/test_deviceprofile.py::test_deviceprofile_pe PASSED [ 25%]
tests/collectors/deviceprofile/test_deviceprofile.py::test_deviceprofile_p PASSED [ 25%]
tests/collectors/deviceprofile/test_deviceprofile.py::test_deviceprofile_rr PASSED [ 25%]
tests/collectors/deviceprofile/test_deviceprofile.py::test_deviceprofile_ce PASSED [ 26%]
tests/collectors/deviceprofile/test_deviceprofile.py::test_deviceprofile_unknown PASSED [ 26%]
tests/collectors/interfaces/test_data_formatter.py::test_format_interface_data_for_llm PASSED [ 26%]
tests/collectors/interfaces/test_data_formatter.py::test_extract_interfaces PASSED [ 26%]
tests/collectors/interfaces/test_data_formatter.py::test_extract_interface_info PASSED [ 27%]
tests/collectors/interfaces/test_data_formatter.py::test_prefix_to_subnet_mask PASSED [ 27%]
tests/collectors/interfaces/test_data_formatter.py::test_calculate_interface_statistics PASSED [ 27%]
tests/collectors/interfaces/test_interface_brief_parser.py::test_parse_interface_brief_data PASSED [ 28%]
tests/collectors/interfaces/test_interface_brief_parser.py::test_parse_interface_brief_data_all_interfaces PASSED [ 28%]
tests/collectors/interfaces/test_single_interface_parser.py::test_process_single_interface_data PASSED [ 28%]
tests/collectors/interfaces/test_single_interface_parser.py::test_extract_interface_data PASSED [ 29%]
tests/collectors/interfaces/test_single_interface_parser.py::test_extract_single_interface PASSED [ 29%]
tests/collectors/interfaces/test_single_interface_parser.py::test_extract_ip_and_vrf PASSED [ 29%]
tests/collectors/interfaces/test_single_interface_parser.py::test_interface_brief_data_compatibility PASSED [ 30%]
tests/collectors/logging/test_logging_functions.py::TestLoggingFunctions::test_get_logging_information_success PASSED [ 30%]
tests/collectors/logging/test_logging_functions.py::TestLoggingFunctions::test_get_logging_information_error PASSED [ 30%]
tests/collectors/logging/test_logging_functions.py::TestLoggingFunctions::test_get_logging_information_filter_processing_error PASSED [ 30%]
tests/collectors/logging/test_logging_functions.py::TestMinutesValidation::test_validate_and_convert_minutes_valid_int PASSED [ 31%]
tests/collectors/logging/test_logging_functions.py::TestMinutesValidation::test_validate_and_convert_minutes_valid_string PASSED [ 31%]
tests/collectors/logging/test_logging_functions.py::TestMinutesValidation::test_validate_and_convert_minutes_zero PASSED [ 31%]
tests/collectors/logging/test_logging_functions.py::TestMinutesValidation::test_validate_and_convert_minutes_none PASSED [ 32%]
tests/collectors/logging/test_logging_functions.py::TestMinutesValidation::test_validate_and_convert_minutes_negative_int PASSED [ 32%]
tests/collectors/logging/test_logging_functions.py::TestMinutesValidation::test_validate_and_convert_minutes_negative_string PASSED [ 32%]
tests/collectors/logging/test_logging_functions.py::TestMinutesValidation::test_validate_and_convert_minutes_invalid_string PASSED [ 33%]
tests/collectors/logging/test_logging_functions.py::TestMinutesValidation::test_validate_and_convert_minutes_float_string PASSED [ 33%]
tests/collectors/logging/test_logging_functions.py::TestMinutesValidation::test_validate_and_convert_minutes_wrong_type_list PASSED [ 33%]
tests/collectors/logging/test_logging_functions.py::TestMinutesValidation::test_validate_and_convert_minutes_wrong_type_dict PASSED [ 34%]
tests/collectors/logging/test_logging_functions.py::TestMinutesValidation::test_validate_and_convert_minutes_wrong_type_float PASSED [ 34%]
tests/collectors/logging/test_logging_functions.py::TestMinutesValidation::test_get_logs_with_string_minutes_success PASSED [ 34%]
tests/collectors/logging/test_logging_functions.py::TestMinutesValidation::test_get_logs_with_invalid_minutes_parameter PASSED [ 34%]
tests/collectors/logging/test_logging_functions.py::TestMinutesValidation::test_get_logs_with_negative_minutes_parameter PASSED [ 35%]
tests/collectors/logs/test_all_logs.py::TestShowAllLogs::test_filter_logs_with_show_all_logs PASSED [ 35%]
tests/collectors/logs/test_all_logs.py::TestShowAllLogs::test_filter_logs_with_time_filtering PASSED [ 35%]
tests/collectors/logs/test_all_logs.py::TestShowAllLogs::test_empty_logs_handling PASSED [ 36%]
tests/collectors/logs/test_logging.py::TestFilterLogs::test_filter_logs_no_time_filter PASSED [ 36%]
tests/collectors/logs/test_logging.py::TestFilterLogs::test_filter_logs_with_time_filter PASSED [ 36%]
tests/collectors/logs/test_logging.py::TestFilterLogs::test_filter_logs_empty_response PASSED [ 37%]
tests/collectors/logs/test_logging.py::TestFilterLogs::test_filter_logs_missing_val PASSED [ 37%]
tests/collectors/logs/test_logging.py::TestFilterLogsByTime::test_filter_logs_by_time_empty_input PASSED [ 37%]
tests/collectors/logs/test_logging.py::TestFilterLogsByTime::test_filter_logs_by_time_recent_logs PASSED [ 38%]
tests/collectors/logs/test_logging.py::TestFilterLogsByTime::test_filter_logs_by_time_old_logs PASSED [ 38%]
tests/collectors/logs/test_logging.py::TestFilterLogsByTime::test_filter_logs_by_time_mixed_logs PASSED [ 38%]
tests/collectors/logs/test_logging.py::TestFilterLogsByTime::test_filter_logs_by_time_non_timestamp_lines PASSED [ 38%]
tests/collectors/logs/test_logging.py::TestFilterLogsByTime::test_filter_logs_by_time_header_lines PASSED [ 39%]
tests/collectors/logs/test_logging.py::TestFilterLogsByTime::test_filter_logs_by_time_with_current_time_having_timezone PASSED [ 39%]
tests/collectors/logs/test_logging.py::TestFilterLogsByTime::test_filter_logs_by_time_real_data PASSED [ 39%]
tests/collectors/mpls/test_mpls_info.py::TestMplsInfoFunctions::test_mpls_request PASSED [ 40%]
tests/collectors/mpls/test_mpls_info.py::TestMplsInfoFunctions::test_get_mpls_information_success PASSED [ 40%]
tests/collectors/mpls/test_mpls_info.py::TestMplsInfoFunctions::test_get_mpls_information_error PASSED [ 40%]
tests/collectors/mpls/test_mpls_info.py::TestMplsInfoFunctions::test_get_mpls_information_parsing_error PASSED [ 41%]
tests/collectors/protocols/bgp/test_bgp_parser.py::test_parse_openconfig_bgp_data PASSED [ 41%]
tests/collectors/protocols/bgp/test_bgp_parser.py::test_generate_openconfig_bgp_summary PASSED [ 41%]
tests/collectors/protocols/bgp/test_bgp_parser.py::test_parse_error_handling PASSED [ 42%]
tests/collectors/protocols/bgp/test_bgp_parser.py::test_neighbor_state_extraction PASSED [ 42%]
tests/collectors/protocols/bgp/test_bgp_parser.py::test_simplified_bgp_state_summary PASSED [ 42%]
tests/collectors/protocols/isis/test_isis_parser.py::TestISISParser::test_empty_response PASSED [ 42%]
tests/collectors/protocols/isis/test_isis_parser.py::TestISISParser::test_generate_isis_summary PASSED [ 43%]
tests/collectors/protocols/isis/test_isis_parser.py::TestISISParser::test_process_isis_data PASSED [ 43%]
tests/collectors/protocols/mpls/test_mpls_parser.py::TestMPLSParser::test_generate_mpls_summary PASSED [ 43%]
tests/collectors/protocols/mpls/test_mpls_parser.py::TestMPLSParser::test_process_mpls_data PASSED [ 44%]
tests/collectors/protocols/mpls/test_mpls_parser.py::TestMPLSParserNonConfigured::test_generate_summary_non_configured_mpls PASSED [ 44%]
tests/collectors/protocols/mpls/test_mpls_parser.py::TestMPLSParserNonConfigured::test_parse_non_configured_mpls_data PASSED [ 44%]
tests/collectors/protocols/mpls/test_mpls_parser_non_configured.py::TestMPLSParserNonConfigured::test_generate_summary_non_configured_mpls PASSED [ 45%]
tests/collectors/protocols/mpls/test_mpls_parser_non_configured.py::TestMPLSParserNonConfigured::test_parse_non_configured_mpls_data PASSED [ 45%]
tests/collectors/protocols/vrf/test_vrf_parser.py::test_process_vrf_data PASSED [ 45%]
tests/collectors/protocols/vrf/test_vrf_parser.py::test_generate_llm_friendly_data PASSED [ 46%]
tests/collectors/routing/test_routing_info.py::TestRoutingInfoFunctions::test_bgp_request PASSED [ 46%]
tests/collectors/routing/test_routing_info.py::TestRoutingInfoFunctions::test_isis_request PASSED [ 46%]
tests/collectors/routing/test_routing_info.py::TestRoutingInfoFunctions::test_get_routing_information_all_protocols PASSED [ 46%]
tests/collectors/routing/test_routing_info.py::TestRoutingInfoFunctions::test_get_routing_information_bgp_only PASSED [ 47%]
tests/collectors/routing/test_routing_info.py::TestRoutingInfoFunctions::test_get_bgp_info_success PASSED [ 47%]
tests/collectors/routing/test_routing_info.py::TestRoutingInfoFunctions::test_get_bgp_info_error PASSED [ 47%]
tests/collectors/routing/test_routing_info.py::TestRoutingInfoFunctions::test_get_isis_info_success PASSED [ 48%]
tests/collectors/routing/test_simplified_routing.py::TestSimplifiedRoutingFunctionality::test_partial_success_bgp_not_configured_isis_configured PASSED [ 48%]
tests/collectors/routing/test_simplified_routing.py::TestSimplifiedRoutingFunctionality::test_helper_functions_with_metadata PASSED [ 48%]
tests/collectors/routing/test_simplified_routing.py::TestSimplifiedRoutingFunctionality::test_all_protocols_successful PASSED [ 49%]
tests/collectors/routing/test_simplified_routing.py::TestSimplifiedRoutingFunctionality::test_all_protocols_not_configured PASSED [ 49%]
tests/collectors/routing/test_simplified_routing.py::TestSimplifiedRoutingFunctionality::test_single_protocol_query_not_configured PASSED [ 49%]
tests/collectors/system_info/test_system_info_parser.py::test_system_info_parser_basic PASSED [ 50%]
tests/collectors/system_info/test_system_info_parser.py::test_system_info_parser_output_matches_expected PASSED [ 50%]
tests/collectors/test_summary_types.py::test_network_operation_result_structure PASSED [ 50%]
tests/collectors/topology/test_topology_ip_adjacency.py::test_ip_only_graph_and_output PASSED [ 50%]
tests/gnmi/test_error_handlers.py::Test_ErrorHandlers::test_handle_timeout_error PASSED [ 51%]
tests/gnmi/test_error_handlers.py::Test_ErrorHandlers::test_handle_connection_refused PASSED [ 51%]
tests/gnmi/test_error_handlers.py::Test_ErrorHandlers::test_handle_rpc_error_regular_error PASSED [ 51%]
tests/gnmi/test_error_handlers.py::Test_ErrorHandlers::test_handle_rpc_error_feature_not_found PASSED [ 52%]
tests/gnmi/test_error_handlers.py::Test_ErrorHandlers::test_handle_generic_error_regular_error PASSED [ 52%]
tests/gnmi/test_error_handlers.py::Test_ErrorHandlers::test_handle_generic_error_feature_not_found PASSED [ 52%]
tests/gnmi/test_error_handlers.py::Test_ErrorHandlers::test_extract_feature_name PASSED [ 53%]
tests/gnmi/test_parameters.py::TestGnmiRequest::test_initialization PASSED [ 53%]
tests/gnmi/test_parameters.py::TestGnmiRequest::test_mapping_functionality PASSED [ 53%]
tests/gnmi/test_parameters.py::TestGnmiRequest::test_multiple_paths PASSED [ 53%]
tests/inventory/test_file_handler_paths.py::TestFileHandlerPaths::test_parse_json_file_absolute_path PASSED [ 54%]
tests/inventory/test_file_handler_paths.py::TestFileHandlerPaths::test_parse_json_file_relative_path PASSED [ 54%]
tests/inventory/test_file_handler_paths.py::TestFileHandlerPaths::test_parse_json_file_relative_path_with_subdirs PASSED [ 54%]
tests/inventory/test_file_handler_paths.py::TestFileHandlerPaths::test_get_inventory_path_cli_absolute PASSED [ 55%]
tests/inventory/test_file_handler_paths.py::TestFileHandlerPaths::test_get_inventory_path_cli_relative PASSED [ 55%]
tests/inventory/test_file_handler_paths.py::TestFileHandlerPaths::test_get_inventory_path_env_absolute PASSED [ 55%]
tests/inventory/test_file_handler_paths.py::TestFileHandlerPaths::test_get_inventory_path_env_relative PASSED [ 56%]
tests/inventory/test_file_handler_paths.py::TestFileHandlerPaths::test_load_inventory_absolute_path PASSED [ 56%]
tests/inventory/test_file_handler_paths.py::TestFileHandlerPaths::test_load_inventory_relative_path PASSED [ 56%]
tests/inventory/test_file_handler_paths.py::TestFileHandlerPaths::test_nonexistent_relative_path PASSED [ 57%]
tests/inventory/test_file_handler_paths.py::TestFileHandlerPaths::test_current_directory_relative_path PASSED [ 57%]
tests/inventory/test_file_handler_paths.py::TestFileHandlerPaths::test_path_normalization PASSED [ 57%]
tests/inventory/test_file_handler_paths.py::TestFileHandlerPaths::test_resolve_inventory_path_absolute PASSED [ 57%]
tests/inventory/test_file_handler_paths.py::TestFileHandlerPaths::test_resolve_inventory_path_relative PASSED [ 58%]
tests/inventory/test_file_handler_paths.py::TestFileHandlerPaths::test_resolve_inventory_path_nonexistent_with_helpful_error PASSED [ 58%]
tests/inventory/test_file_handler_paths.py::TestFileHandlerPaths::test_resolve_inventory_path_suggests_alternatives PASSED [ 58%]
tests/inventory/test_hosts_inventory.py::TestHostsInventory::test_get_device_from_hosts PASSED [ 59%]
tests/inventory/test_hosts_inventory.py::TestHostsInventory::test_get_invalid_device_from_hosts PASSED [ 59%]
tests/inventory/test_hosts_inventory.py::TestHostsInventory::test_list_devices_from_hosts PASSED [ 59%]
tests/inventory/test_inventory_core.py::TestGetDevice::test_get_device_from_test_devices PASSED [ 60%]
tests/inventory/test_inventory_core.py::TestGetDevice::test_get_device_from_sandbox PASSED [ 60%]
tests/inventory/test_inventory_core.py::TestGetDevice::test_get_device_from_hosts PASSED [ 60%]
tests/inventory/test_inventory_core.py::TestListDevices::test_list_devices_from_test_devices PASSED [ 61%]
tests/inventory/test_inventory_core.py::TestListDevices::test_list_devices_from_sandbox PASSED [ 61%]
tests/inventory/test_inventory_core.py::TestListDevices::test_list_devices_from_hosts PASSED [ 61%]
tests/inventory/test_inventory_core.py::TestListDevices::test_list_devices_from_empty_inventory PASSED [ 61%]
tests/inventory/test_inventory_file_not_found.py::TestInventoryFileNotFound::test_get_inventory_path_nonexistent PASSED [ 62%]
tests/inventory/test_inventory_file_not_found.py::TestInventoryFileNotFound::test_parse_json_file_nonexistent PASSED [ 62%]
tests/inventory/test_inventory_file_not_found.py::TestInventoryFileNotFound::test_load_inventory_nonexistent_cli_path PASSED [ 62%]
tests/inventory/test_inventory_file_not_found.py::TestInventoryFileNotFound::test_load_inventory_nonexistent_env_path PASSED [ 63%]
tests/inventory/test_manager.py::TestInventoryManager::test_get_device_with_invalid_device PASSED [ 63%]
tests/inventory/test_manager.py::TestInventoryManager::test_get_device_with_valid_device PASSED [ 63%]
tests/inventory/test_manager.py::TestInventoryManager::test_inventory_initialization_with_specific_file PASSED [ 64%]
tests/inventory/test_manager.py::TestInventoryManager::test_list_devices_with_empty_inventory PASSED [ 64%]
tests/inventory/test_manager.py::TestInventoryManager::test_list_devices_with_populated_inventory PASSED [ 64%]
tests/inventory/test_manager.py::TestAutoInitialization::test_get_device_auto_initializes PASSED [ 65%]
tests/inventory/test_manager.py::TestAutoInitialization::test_inventory_initialization_from_sandbox_file PASSED [ 65%]
tests/inventory/test_manager.py::TestAutoInitialization::test_list_devices_auto_initializes PASSED [ 65%]
tests/inventory/test_sanitizer.py::TestDeviceDataSanitizer::test_sanitize_device_with_sensitive_data PASSED [ 65%]
tests/inventory/test_sanitizer.py::TestDeviceDataSanitizer::test_sanitize_device_without_sensitive_data PASSED [ 66%]
tests/inventory/test_sanitizer.py::TestDeviceDataSanitizer::test_sanitize_device_list PASSED [ 66%]
tests/inventory/test_sanitizer.py::TestDeviceDataSanitizer::test_sanitize_device_list_result PASSED [ 66%]
tests/inventory/test_sanitizer.py::TestDeviceDataSanitizer::test_sanitize_empty_device_list PASSED [ 67%]
tests/inventory/test_sanitizer.py::TestDeviceDataSanitizer::test_sanitize_empty_device_list_result PASSED [ 67%]
tests/inventory/test_sanitizer.py::TestDeviceDataSanitizer::test_edge_case_empty_string_password PASSED [ 67%]
tests/inventory/test_sanitizer.py::TestDeviceDataSanitizer::test_edge_case_whitespace_only_password PASSED [ 68%]
tests/inventory/test_sanitizer.py::TestDeviceDataSanitizer::test_custom_redaction_marker PASSED [ 68%]
tests/inventory/test_sanitizer.py::TestDeviceDataSanitizer::test_class_based_data_structures PASSED [ 68%]
tests/inventory/test_sanitizer.py::TestDeviceDataSanitizer::test_immutability_original_data_unchanged PASSED [ 69%]
tests/inventory/test_validator.py::TestInventoryValidator::test_valid_inventory_validation PASSED [ 69%]
tests/inventory/test_validator.py::TestInventoryValidator::test_invalid_json_format PASSED [ 69%]
tests/inventory/test_validator.py::TestInventoryValidator::test_missing_required_fields PASSED [ 69%]
tests/inventory/test_validator.py::TestInventoryValidator::test_invalid_ip_addresses PASSED [ 70%]
tests/inventory/test_validator.py::TestInventoryValidator::test_invalid_nos_values PASSED [ 70%]
tests/inventory/test_validator.py::TestInventoryValidator::test_duplicate_device_names PASSED [ 70%]
tests/inventory/test_validator.py::TestInventoryValidator::test_invalid_optional_fields PASSED [ 71%]
tests/inventory/test_validator.py::TestInventoryValidator::test_file_not_found PASSED [ 71%]
tests/inventory/test_validator.py::TestInventoryValidator::test_empty_inventory_file PASSED [ 71%]
tests/inventory/test_validator.py::TestInventoryValidator::test_non_list_json_content PASSED [ 72%]
tests/inventory/test_validator.py::TestInventoryValidator::test_validation_error_details PASSED [ 72%]
tests/inventory/test_validator.py::TestInventoryValidator::test_validator_reset_between_runs PASSED [ 72%]
tests/inventory/test_validator.py::TestInventoryValidator::test_mixed_valid_invalid_devices PASSED [ 73%]
tests/inventory/test_validator.py::TestInventoryValidator::test_ipv6_address_validation PASSED [ 73%]
tests/inventory/test_validator.py::TestInventoryValidator::test_validation_result_string_representation PASSED [ 73%]
tests/inventory/test_validator.py::TestInventoryValidator::test_validation_error_string_representation PASSED [ 73%]
tests/inventory/test_validator.py::TestInventoryValidator::test_missing_authentication_validation PASSED [ 74%]
tests/inventory/test_validator.py::TestInventoryValidator::test_username_password_authentication PASSED [ 74%]
tests/inventory/test_validator.py::TestInventoryValidator::test_certificate_authentication PASSED [ 74%]
tests/inventory/test_validator.py::TestInventoryValidator::test_mixed_authentication_methods PASSED [ 75%]
tests/inventory/test_validator.py::TestInventoryValidator::test_incomplete_username_password_auth PASSED [ 75%]
tests/inventory/test_validator.py::TestInventoryValidator::test_incomplete_certificate_auth PASSED [ 75%]
tests/inventory/test_validator.py::TestInventoryValidatorEdgeCases::test_very_large_inventory PASSED [ 76%]
tests/inventory/test_validator.py::TestInventoryValidatorEdgeCases::test_special_characters_in_device_names PASSED [ 76%]
tests/schemas/test_models.py::TestDeviceModel::test_device_creation_with_minimal_fields PASSED [ 76%]
tests/schemas/test_models.py::TestDeviceModel::test_device_creation_with_all_fields PASSED [ 76%]
tests/schemas/test_models.py::TestDeviceModel::test_device_default_values PASSED [ 77%]
tests/schemas/test_models.py::TestDeviceModel::test_device_to_device_info_method PASSED [ 77%]
tests/schemas/test_models.py::TestDeviceModel::test_device_model_dataclass_fields PASSED [ 77%]
tests/schemas/test_models.py::TestDeviceModel::test_device_field_types PASSED [ 78%]
tests/schemas/test_models.py::TestDeviceModel::test_device_equality PASSED [ 78%]
tests/schemas/test_models.py::TestDeviceModel::test_device_string_representation PASSED [ 78%]
tests/schemas/test_models.py::TestDeviceListResult::test_device_list_result_structure PASSED [ 79%]
tests/schemas/test_models.py::TestDeviceListResult::test_device_list_result_empty PASSED [ 79%]
tests/schemas/test_models.py::TestDeviceErrorResult::test_device_error_result_with_device_info PASSED [ 79%]
tests/schemas/test_models.py::TestDeviceErrorResult::test_device_error_result_without_device_info PASSED [ 80%]
tests/schemas/test_models.py::TestDeviceModelIntegration::test_device_creation_from_inventory_data PASSED [ 80%]
tests/schemas/test_models.py::TestDeviceModelIntegration::test_device_info_serialization PASSED [ 80%]
tests/schemas/test_models.py::TestDeviceModelIntegration::test_device_model_extensibility PASSED [ 80%]
tests/schemas/test_models.py::TestDeviceSanitizationMethods::test_device_to_device_info_safe_method PASSED [ 81%]
tests/schemas/test_models.py::TestDeviceSanitizationMethods::test_device_to_device_info_with_auth_method PASSED [ 81%]
tests/schemas/test_models.py::TestDeviceSanitizationMethods::test_device_sanitization_methods_with_none_values PASSED [ 81%]
tests/schemas/test_models.py::TestDeviceSanitizationMethods::test_device_sanitization_methods_class_based_structures PASSED [ 82%]
tests/schemas/test_models.py::TestDeviceSanitizationMethods::test_device_sanitization_backward_compatibility PASSED [ 82%]
tests/schemas/test_models.py::TestDeviceSanitizationMethods::test_device_sanitization_edge_cases PASSED [ 82%]
tests/schemas/test_models.py::TestDeviceSanitizationMethods::test_device_sanitization_immutability PASSED [ 83%]
tests/schemas/test_responses.py::TestOperationStatus::test_operation_status_values PASSED [ 83%]
tests/schemas/test_responses.py::TestOperationStatus::test_operation_status_membership PASSED [ 83%]
tests/schemas/test_responses.py::TestOperationStatus::test_operation_status_string_representation PASSED [ 84%]
tests/schemas/test_responses.py::TestOperationStatus::test_operation_status_equality PASSED [ 84%]
tests/schemas/test_responses.py::TestErrorResponse::test_error_response_creation_minimal PASSED [ 84%]
tests/schemas/test_responses.py::TestErrorResponse::test_error_response_creation_full PASSED [ 84%]
tests/schemas/test_responses.py::TestErrorResponse::test_error_response_default_details PASSED [ 85%]
tests/schemas/test_responses.py::TestErrorResponse::test_error_response_string_representation PASSED [ 85%]
tests/schemas/test_responses.py::TestErrorResponse::test_error_response_field_types PASSED [ 85%]
tests/schemas/test_responses.py::TestFeatureNotFoundResponse::test_feature_not_found_creation_minimal PASSED [ 86%]
tests/schemas/test_responses.py::TestFeatureNotFoundResponse::test_feature_not_found_creation_full PASSED [ 86%]
tests/schemas/test_responses.py::TestFeatureNotFoundResponse::test_feature_not_found_default_details PASSED [ 86%]
tests/schemas/test_responses.py::TestSuccessResponse::test_success_response_creation_minimal PASSED [ 87%]
tests/schemas/test_responses.py::TestSuccessResponse::test_success_response_creation_full PASSED [ 87%]
tests/schemas/test_responses.py::TestSuccessResponse::test_success_response_default_timestamp PASSED [ 87%]
tests/schemas/test_responses.py::TestNetworkOperationResult::test_network_operation_result_creation_minimal PASSED [ 88%]
tests/schemas/test_responses.py::TestNetworkOperationResult::test_network_operation_result_success_creation PASSED [ 88%]
tests/schemas/test_responses.py::TestNetworkOperationResult::test_network_operation_result_error_creation PASSED [ 88%]
tests/schemas/test_responses.py::TestNetworkOperationResult::test_network_operation_result_feature_not_found_creation PASSED [ 88%]
tests/schemas/test_responses.py::TestNetworkOperationResult::test_network_operation_result_default_values PASSED [ 89%]
tests/schemas/test_responses.py::TestNetworkOperationResult::test_network_operation_result_field_types PASSED [ 89%]
tests/schemas/test_responses.py::TestNetworkOperationResult::test_network_operation_result_required_fields PASSED [ 89%]
tests/schemas/test_responses.py::TestResponseSerializationIntegration::test_successful_operation_serialization PASSED [ 90%]
tests/schemas/test_responses.py::TestResponseSerializationIntegration::test_error_operation_handling PASSED [ 90%]
tests/schemas/test_responses.py::TestResponseSerializationIntegration::test_feature_not_found_handling PASSED [ 90%]
tests/schemas/test_responses.py::TestResponseSerializationIntegration::test_response_consistency_across_operations PASSED [ 91%]
tests/test_api_mcp_integration.py::TestAPIIntegration::test_api_get_devices_returns_sanitized_data PASSED [ 91%]
tests/test_api_mcp_integration.py::TestAPIIntegration::test_api_get_devices_return_type_contract PASSED [ 91%]
tests/test_api_mcp_integration.py::TestAPIIntegration::test_api_get_devices_class_based_data_structures PASSED [ 92%]
tests/test_api_mcp_integration.py::TestAPIIntegration::test_api_get_devices_multiple_devices PASSED [ 92%]
tests/test_api_mcp_integration.py::TestAPIIntegration::test_api_get_devices_error_handling PASSED [ 92%]
tests/test_api_mcp_integration.py::TestAPIIntegration::test_api_get_devices_empty_inventory PASSED [ 92%]
tests/test_api_mcp_integration.py::TestMCPServerIntegration::test_mcp_server_tool_registration_with_sanitized_data PASSED [ 93%]
tests/test_api_mcp_integration.py::TestMCPServerIntegration::test_mcp_server_no_direct_changes_needed PASSED [ 93%]
tests/test_api_mcp_integration.py::TestMCPServerIntegration::test_mcp_registration_mechanism_unchanged PASSED [ 93%]
tests/test_api_mcp_integration.py::TestMCPServerIntegration::test_mcp_server_sanitization_flows_through_existing_mechanism PASSED [ 94%]
tests/test_api_mcp_integration.py::TestMCPServerIntegration::test_mcp_server_class_based_data_structures PASSED [ 94%]
tests/test_api_mcp_integration.py::TestMCPServerIntegration::test_mcp_server_backward_compatibility PASSED [ 94%]
tests/test_api_mcp_integration.py::TestMCPServerIntegration::test_mcp_server_integration_error_handling PASSED [ 95%]
tests/test_regression.py::TestRegressionFunctionality::test_existing_list_devices_method_unchanged PASSED [ 95%]
tests/test_regression.py::TestRegressionFunctionality::test_existing_device_to_device_info_method_unchanged PASSED [ 95%]
tests/test_regression.py::TestRegressionFunctionality::test_device_model_backward_compatibility PASSED [ 96%]
tests/test_regression.py::TestRegressionFunctionality::test_device_list_result_structure_unchanged PASSED [ 96%]
tests/test_regression.py::TestRegressionFunctionality::test_existing_error_handling_unchanged PASSED [ 96%]
tests/test_regression.py::TestRegressionFunctionality::test_device_equality_and_comparison_unchanged PASSED [ 96%]
tests/test_regression.py::TestRegressionPerformance::test_sanitization_performance_overhead PASSED [ 97%]
tests/test_regression.py::TestRegressionPerformance::test_list_devices_safe_performance FAILED [ 97%]
tests/test_regression.py::TestRegressionPerformance::test_api_get_devices_performance PASSED [ 97%]
tests/test_regression.py::TestRegressionEdgeCases::test_none_value_handling_unchanged PASSED [ 98%]
tests/test_regression.py::TestRegressionEdgeCases::test_empty_string_handling_consistency PASSED [ 98%]
tests/test_regression.py::TestRegressionEdgeCases::test_special_character_handling PASSED [ 98%]
tests/test_regression.py::TestRegressionEdgeCases::test_large_data_handling PASSED [ 99%]
tests/test_regression.py::TestRegressionDataIntegrity::test_original_data_immutability PASSED [ 99%]
tests/test_regression.py::TestRegressionDataIntegrity::test_concurrent_access_safety PASSED [ 99%]
tests/test_regression.py::TestRegressionDataIntegrity::test_memory_efficiency PASSED [100%]

=================================== FAILURES ===================================
_________ TestRegressionPerformance.test_list_devices_safe_performance _________
tests/test_regression.py:277: in test_list_devices_safe_performance
    assert performance_ratio < 5.0, f"Safe method is too slow: {performance_ratio:.2f}x"
E   AssertionError: Safe method is too slow: 79.85x
E   assert 79.85185185185185 < 5.0
------------------------------ Captured log call -------------------------------
DEBUG    gnmibuddy.inventory.manager:manager.py:222 Listing all devices in inventory with sanitization
DEBUG    gnmibuddy.inventory.sanitizer:sanitizer.py:30 Initialized DeviceDataSanitizer with redaction marker: ***
DEBUG    gnmibuddy.inventory.sanitizer:sanitizer.py:125 Sanitizing DeviceListResult with 50 devices
DEBUG    gnmibuddy.inventory.sanitizer:sanitizer.py:102 Sanitizing device list with 50 devices
DEBUG    gnmibuddy.inventory.sanitizer:sanitizer.py:45 Sanitizing device: list-perf-0
DEBUG    gnmibuddy.inventory.sanitizer:sanitizer.py:74 Sanitized device list-perf-0 - redacted 1 sensitive fields
DEBUG    gnmibuddy.inventory.sanitizer:sanitizer.py:45 Sanitizing device: list-perf-1
DEBUG    gnmibuddy.inventory.sanitizer:sanitizer.py:74 Sanitized device list-perf-1 - redacted 1 sensitive fields
DEBUG    gnmibuddy.inventory.sanitizer:sanitizer.py:45 Sanitizing device: list-perf-2
DEBUG    gnmibuddy.inventory.sanitizer:sanitizer.py:74 Sanitized device list-perf-2 - redacted 1 sensitive fields
DEBUG    gnmibuddy.inventory.sanitizer:sanitizer.py:45 Sanitizing device: list-perf-3
DEBUG    gnmibuddy.inventory.sanitizer:sanitizer.py:74 Sanitized device list-perf-3 - redacted 1 sensitive fields
DEBUG    gnmibuddy.inventory.sanitizer:sanitizer.py:45 Sanitizing device: list-perf-4
DEBUG    gnmibuddy.inventory.sanitizer:sanitizer.py:74 Sanitized device list-perf-4 - redacted 1 sensitive fields
DEBUG    gnmibuddy.inventory.sanitizer:sanitizer.py:45 Sanitizing device: list-perf-5
DEBUG    gnmibuddy.inventory.sanitizer:sanitizer.py:74 Sanitized device list-perf-5 - redacted 1 sensitive fields
DEBUG    gnmibuddy.inventory.sanitizer:sanitizer.py:45 Sanitizing device: list-perf-6
DEBUG    gnmibuddy.inventory.sanitizer:sanitizer.py:74 Sanitized device list-perf-6 - redacted 1 sensitive fields
DEBUG    gnmibuddy.inventory.sanitizer:sanitizer.py:45 Sanitizing device: list-perf-7
DEBUG    gnmibuddy.inventory.sanitizer:sanitizer.py:74 Sanitized device list-perf-7 - redacted 1 sensitive fields
DEBUG    gnmibuddy.inventory.sanitizer:sanitizer.py:45 Sanitizing device: list-perf-8
DEBUG    gnmibuddy.inventory.sanitizer:sanitizer.py:74 Sanitized device list-perf-8 - redacted 1 sensitive fields
DEBUG    gnmibuddy.inventory.sanitizer:sanitizer.py:45 Sanitizing device: list-perf-9
DEBUG    gnmibuddy.inventory.sanitizer:sanitizer.py:74 Sanitized device list-perf-9 - redacted 1 sensitive fields
DEBUG    gnmibuddy.inventory.sanitizer:sanitizer.py:45 Sanitizing device: list-perf-10
DEBUG    gnmibuddy.inventory.sanitizer:sanitizer.py:74 Sanitized device list-perf-10 - redacted 1 sensitive fields
DEBUG    gnmibuddy.inventory.sanitizer:sanitizer.py:45 Sanitizing device: list-perf-11
DEBUG    gnmibuddy.inventory.sanitizer:sanitizer.py:74 Sanitized device list-perf-11 - redacted 1 sensitive fields
DEBUG    gnmibuddy.inventory.sanitizer:sanitizer.py:45 Sanitizing device: list-perf-12
DEBUG    gnmibuddy.inventory.sanitizer:sanitizer.py:74 Sanitized device list-perf-12 - redacted 1 sensitive fields
DEBUG    gnmibuddy.inventory.sanitizer:sanitizer.py:45 Sanitizing device: list-perf-13
DEBUG    gnmibuddy.inventory.sanitizer:sanitizer.py:74 Sanitized device list-perf-13 - redacted 1 sensitive fields
DEBUG    gnmibuddy.inventory.sanitizer:sanitizer.py:45 Sanitizing device: list-perf-14
DEBUG    gnmibuddy.inventory.sanitizer:sanitizer.py:74 Sanitized device list-perf-14 - redacted 1 sensitive fields
DEBUG    gnmibuddy.inventory.sanitizer:sanitizer.py:45 Sanitizing device: list-perf-15
DEBUG    gnmibuddy.inventory.sanitizer:sanitizer.py:74 Sanitized device list-perf-15 - redacted 1 sensitive fields
DEBUG    gnmibuddy.inventory.sanitizer:sanitizer.py:45 Sanitizing device: list-perf-16
DEBUG    gnmibuddy.inventory.sanitizer:sanitizer.py:74 Sanitized device list-perf-16 - redacted 1 sensitive fields
DEBUG    gnmibuddy.inventory.sanitizer:sanitizer.py:45 Sanitizing device: list-perf-17
DEBUG    gnmibuddy.inventory.sanitizer:sanitizer.py:74 Sanitized device list-perf-17 - redacted 1 sensitive fields
DEBUG    gnmibuddy.inventory.sanitizer:sanitizer.py:45 Sanitizing device: list-perf-18
DEBUG    gnmibuddy.inventory.sanitizer:sanitizer.py:74 Sanitized device list-perf-18 - redacted 1 sensitive fields
DEBUG    gnmibuddy.inventory.sanitizer:sanitizer.py:45 Sanitizing device: list-perf-19
DEBUG    gnmibuddy.inventory.sanitizer:sanitizer.py:74 Sanitized device list-perf-19 - redacted 1 sensitive fields
DEBUG    gnmibuddy.inventory.sanitizer:sanitizer.py:45 Sanitizing device: list-perf-20
DEBUG    gnmibuddy.inventory.sanitizer:sanitizer.py:74 Sanitized device list-perf-20 - redacted 1 sensitive fields
DEBUG    gnmibuddy.inventory.sanitizer:sanitizer.py:45 Sanitizing device: list-perf-21
DEBUG    gnmibuddy.inventory.sanitizer:sanitizer.py:74 Sanitized device list-perf-21 - redacted 1 sensitive fields
DEBUG    gnmibuddy.inventory.sanitizer:sanitizer.py:45 Sanitizing device: list-perf-22
DEBUG    gnmibuddy.inventory.sanitizer:sanitizer.py:74 Sanitized device list-perf-22 - redacted 1 sensitive fields
DEBUG    gnmibuddy.inventory.sanitizer:sanitizer.py:45 Sanitizing device: list-perf-23
DEBUG    gnmibuddy.inventory.sanitizer:sanitizer.py:74 Sanitized device list-perf-23 - redacted 1 sensitive fields
DEBUG    gnmibuddy.inventory.sanitizer:sanitizer.py:45 Sanitizing device: list-perf-24
DEBUG    gnmibuddy.inventory.sanitizer:sanitizer.py:74 Sanitized device list-perf-24 - redacted 1 sensitive fields
DEBUG    gnmibuddy.inventory.sanitizer:sanitizer.py:45 Sanitizing device: list-perf-25
DEBUG    gnmibuddy.inventory.sanitizer:sanitizer.py:74 Sanitized device list-perf-25 - redacted 1 sensitive fields
DEBUG    gnmibuddy.inventory.sanitizer:sanitizer.py:45 Sanitizing device: list-perf-26
DEBUG    gnmibuddy.inventory.sanitizer:sanitizer.py:74 Sanitized device list-perf-26 - redacted 1 sensitive fields
DEBUG    gnmibuddy.inventory.sanitizer:sanitizer.py:45 Sanitizing device: list-perf-27
DEBUG    gnmibuddy.inventory.sanitizer:sanitizer.py:74 Sanitized device list-perf-27 - redacted 1 sensitive fields
DEBUG    gnmibuddy.inventory.sanitizer:sanitizer.py:45 Sanitizing device: list-perf-28
DEBUG    gnmibuddy.inventory.sanitizer:sanitizer.py:74 Sanitized device list-perf-28 - redacted 1 sensitive fields
DEBUG    gnmibuddy.inventory.sanitizer:sanitizer.py:45 Sanitizing device: list-perf-29
DEBUG    gnmibuddy.inventory.sanitizer:sanitizer.py:74 Sanitized device list-perf-29 - redacted 1 sensitive fields
DEBUG    gnmibuddy.inventory.sanitizer:sanitizer.py:45 Sanitizing device: list-perf-30
DEBUG    gnmibuddy.inventory.sanitizer:sanitizer.py:74 Sanitized device list-perf-30 - redacted 1 sensitive fields
DEBUG    gnmibuddy.inventory.sanitizer:sanitizer.py:45 Sanitizing device: list-perf-31
DEBUG    gnmibuddy.inventory.sanitizer:sanitizer.py:74 Sanitized device list-perf-31 - redacted 1 sensitive fields
DEBUG    gnmibuddy.inventory.sanitizer:sanitizer.py:45 Sanitizing device: list-perf-32
DEBUG    gnmibuddy.inventory.sanitizer:sanitizer.py:74 Sanitized device list-perf-32 - redacted 1 sensitive fields
DEBUG    gnmibuddy.inventory.sanitizer:sanitizer.py:45 Sanitizing device: list-perf-33
DEBUG    gnmibuddy.inventory.sanitizer:sanitizer.py:74 Sanitized device list-perf-33 - redacted 1 sensitive fields
DEBUG    gnmibuddy.inventory.sanitizer:sanitizer.py:45 Sanitizing device: list-perf-34
DEBUG    gnmibuddy.inventory.sanitizer:sanitizer.py:74 Sanitized device list-perf-34 - redacted 1 sensitive fields
DEBUG    gnmibuddy.inventory.sanitizer:sanitizer.py:45 Sanitizing device: list-perf-35
DEBUG    gnmibuddy.inventory.sanitizer:sanitizer.py:74 Sanitized device list-perf-35 - redacted 1 sensitive fields
DEBUG    gnmibuddy.inventory.sanitizer:sanitizer.py:45 Sanitizing device: list-perf-36
DEBUG    gnmibuddy.inventory.sanitizer:sanitizer.py:74 Sanitized device list-perf-36 - redacted 1 sensitive fields
DEBUG    gnmibuddy.inventory.sanitizer:sanitizer.py:45 Sanitizing device: list-perf-37
DEBUG    gnmibuddy.inventory.sanitizer:sanitizer.py:74 Sanitized device list-perf-37 - redacted 1 sensitive fields
DEBUG    gnmibuddy.inventory.sanitizer:sanitizer.py:45 Sanitizing device: list-perf-38
DEBUG    gnmibuddy.inventory.sanitizer:sanitizer.py:74 Sanitized device list-perf-38 - redacted 1 sensitive fields
DEBUG    gnmibuddy.inventory.sanitizer:sanitizer.py:45 Sanitizing device: list-perf-39
DEBUG    gnmibuddy.inventory.sanitizer:sanitizer.py:74 Sanitized device list-perf-39 - redacted 1 sensitive fields
DEBUG    gnmibuddy.inventory.sanitizer:sanitizer.py:45 Sanitizing device: list-perf-40
DEBUG    gnmibuddy.inventory.sanitizer:sanitizer.py:74 Sanitized device list-perf-40 - redacted 1 sensitive fields
DEBUG    gnmibuddy.inventory.sanitizer:sanitizer.py:45 Sanitizing device: list-perf-41
DEBUG    gnmibuddy.inventory.sanitizer:sanitizer.py:74 Sanitized device list-perf-41 - redacted 1 sensitive fields
DEBUG    gnmibuddy.inventory.sanitizer:sanitizer.py:45 Sanitizing device: list-perf-42
DEBUG    gnmibuddy.inventory.sanitizer:sanitizer.py:74 Sanitized device list-perf-42 - redacted 1 sensitive fields
DEBUG    gnmibuddy.inventory.sanitizer:sanitizer.py:45 Sanitizing device: list-perf-43
DEBUG    gnmibuddy.inventory.sanitizer:sanitizer.py:74 Sanitized device list-perf-43 - redacted 1 sensitive fields
DEBUG    gnmibuddy.inventory.sanitizer:sanitizer.py:45 Sanitizing device: list-perf-44
DEBUG    gnmibuddy.inventory.sanitizer:sanitizer.py:74 Sanitized device list-perf-44 - redacted 1 sensitive fields
DEBUG    gnmibuddy.inventory.sanitizer:sanitizer.py:45 Sanitizing device: list-perf-45
DEBUG    gnmibuddy.inventory.sanitizer:sanitizer.py:74 Sanitized device list-perf-45 - redacted 1 sensitive fields
DEBUG    gnmibuddy.inventory.sanitizer:sanitizer.py:45 Sanitizing device: list-perf-46
DEBUG    gnmibuddy.inventory.sanitizer:sanitizer.py:74 Sanitized device list-perf-46 - redacted 1 sensitive fields
DEBUG    gnmibuddy.inventory.sanitizer:sanitizer.py:45 Sanitizing device: list-perf-47
DEBUG    gnmibuddy.inventory.sanitizer:sanitizer.py:74 Sanitized device list-perf-47 - redacted 1 sensitive fields
DEBUG    gnmibuddy.inventory.sanitizer:sanitizer.py:45 Sanitizing device: list-perf-48
DEBUG    gnmibuddy.inventory.sanitizer:sanitizer.py:74 Sanitized device list-perf-48 - redacted 1 sensitive fields
DEBUG    gnmibuddy.inventory.sanitizer:sanitizer.py:45 Sanitizing device: list-perf-49
DEBUG    gnmibuddy.inventory.sanitizer:sanitizer.py:74 Sanitized device list-perf-49 - redacted 1 sensitive fields
DEBUG    gnmibuddy.inventory.sanitizer:sanitizer.py:108 Successfully sanitized 50 devices
DEBUG    gnmibuddy.inventory.sanitizer:sanitizer.py:135 Successfully created sanitized DeviceListResult
DEBUG    gnmibuddy.inventory.manager:manager.py:239 Listed 50 sanitized devices from inventory
=========================== short test summary info ============================
FAILED tests/test_regression.py::TestRegressionPerformance::test_list_devices_safe_performance - AssertionError: Safe method is too slow: 79.85x
assert 79.85185185185185 < 5.0
======================== 1 failed, 325 passed in 12.04s ========================
